+ set -e
+ export PYTHONUNBUFFERED=True
+ PYTHONUNBUFFERED=True
+ GPU_ID=0
+ DATASET=pascal_voc
+ NET=res101
+ array=($@)
+ len=4
+ EXTRA_ARGS=log_0101.txt
+ EXTRA_ARGS_SLUG=log_0101.txt
+ case ${DATASET} in
+ TRAIN_IMDB=voc_2007_train
+ TEST_IMDB=voc_2007_val
+ STEPSIZE='[120000,160000]'
+ ITERS=200000
+ ANCHORS='[2,4,8,16,32]'
+ RATIOS='[0.33,0.5,1,2,3]'
++ date +%Y-%m-%d_%H-%M-%S
+ LOG=experiments/logs/res101_voc_2007_train_log_0101.txt_res101.txt.2020-01-01_22-23-24
+ exec
++ tee -a experiments/logs/res101_voc_2007_train_log_0101.txt_res101.txt.2020-01-01_22-23-24
+ echo Logging output to experiments/logs/res101_voc_2007_train_log_0101.txt_res101.txt.2020-01-01_22-23-24
Logging output to experiments/logs/res101_voc_2007_train_log_0101.txt_res101.txt.2020-01-01_22-23-24
+ set +x
+ '[' '!' -f output/res101/voc_2007_train/log_0101.txt/res101_faster_rcnn_iter_200000.ckpt.index ']'
+ [[ ! -z log_0101.txt ]]
+ CUDA_VISIBLE_DEVICES=0
+ time python ./tools/trainval_net.py --weight data/imagenet_weights/res101.ckpt --imdb voc_2007_train --imdbval voc_2007_val --iters 200000 --cfg experiments/cfgs/res101.yml --tag log_0101.txt --net res101 --set ANCHOR_SCALES '[2,4,8,16,32]' ANCHOR_RATIOS '[0.33,0.5,1,2,3]' TRAIN.STEPSIZE '[120000,160000]' log_0101.txt
Called with args:
Namespace(cfg_file='experiments/cfgs/res101.yml', imdb_name='voc_2007_train', imdbval_name='voc_2007_val', max_iters=200000, net='res101', set_cfgs=['ANCHOR_SCALES', '[2,4,8,16,32]', 'ANCHOR_RATIOS', '[0.33,0.5,1,2,3]', 'TRAIN.STEPSIZE', '[120000,160000]', 'log_0101.txt'], tag='log_0101.txt', weight='data/imagenet_weights/res101.ckpt')
/home/wb6219/EventPrediction/Anticipating-Accidents/frcnn/tools/../lib/model/config.py:373: YAMLLoadWarning: calling yaml.load() without Loader=... is deprecated, as the default Loader is unsafe. Please read https://msg.pyyaml.org/load for full details.
  yaml_cfg = edict(yaml.load(f))
Traceback (most recent call last):
  File "./tools/trainval_net.py", line 97, in <module>
    cfg_from_list(args.set_cfgs)
  File "/home/wb6219/EventPrediction/Anticipating-Accidents/frcnn/tools/../lib/model/config.py", line 381, in cfg_from_list
    assert len(cfg_list) % 2 == 0
AssertionError
Command exited with non-zero status 1
1.67user 0.23system 0:01.81elapsed 105%CPU (0avgtext+0avgdata 382172maxresident)k
61168inputs+0outputs (350major+94788minor)pagefaults 0swaps
